Image_Build_IDs:
adsp: ADSP.VT.4.0-00330-SDM660-1
apps: LA.UM.6.2.r1-08100-sdm660.0-1.154439.1a.155533.1
boot: BOOT.XF.1.4-00256-S660LZB-1
btfm: BTFM.CHE.2.1.1.c2-00147-QCACHROMZ-1
cdsp: CDSP.VT.1.0-00222-SDM660-1
common: SDM660.LA.2.1-21284-STD.PROD-1.155533.0.158576.1
cpev2: CPE.TSF.2.0-00006-W9335AAAAAAAZQ-1
glue: GLUE.SDM660_LA.2.0-00042-NOOP_TEST-1
modem: MPSS.AT.3.1-00729.1-SDM660_GEN_PACK-1
rpm: RPM.BF.1.8-00052-SDM660AAAAANAZR-1
tz: TZ.BF.4.0.7-00089-S660AAAAANAZT-2
video: VIDEO.VE.4.4-00034-PROD-1
wdsp: WDSP.9340.1.0.c1-00008-W9340AAAAAAAZQ-1
wlan: WLAN.HL.1.0.1.c2-00392-QCAHLSWMTPLZ-1.155533.0.158576.1    
Metabuild_Info:
Meta_Build_ID: SDM660.LA.2.1-21284-STD.PROD-1.155533.0.158576.1
Product_Flavor: ['asic']
Time_Stamp: 2018-08-16 01:54:48    
Version: 1.0